
============================================================
PIPELINE PROSPECTION B2B — Edgar Frinis
Date : 2026-05-08
============================================================

============================================================
ÉTAPE 6 — SURVEILLANCE RÉPONSES GMAIL
============================================================
[GmailMonitor] Aucune nouvelle réponse détectée

============================================================
Pipeline terminé.
============================================================


============================================================
PIPELINE PROSPECTION B2B — Edgar Frinis
Date : 2026-05-08
============================================================

============================================================
ÉTAPE 6 — SURVEILLANCE RÉPONSES GMAIL
============================================================
[GmailMonitor] Aucune nouvelle réponse détectée

============================================================
Pipeline terminé.
============================================================


============================================================
PIPELINE PROSPECTION B2B — Edgar Frinis
Date : 2026-05-08
============================================================

============================================================
ÉTAPE 6 — SURVEILLANCE RÉPONSES GMAIL
============================================================
[GmailMonitor] Aucune nouvelle réponse détectée

============================================================
Pipeline terminé.
============================================================


============================================================
PIPELINE PROSPECTION B2B — Edgar Frinis
Date : 2026-05-08
============================================================

============================================================
ÉTAPE 6 — SURVEILLANCE RÉPONSES GMAIL
============================================================
[GmailMonitor] Aucune nouvelle réponse détectée

============================================================
Pipeline terminé.
============================================================


============================================================
PIPELINE PROSPECTION B2B — Edgar Frinis
Date : 2026-05-08
============================================================

============================================================
ÉTAPE 6 — SURVEILLANCE RÉPONSES GMAIL
============================================================
[GmailMonitor] Aucune nouvelle réponse détectée

============================================================
Pipeline terminé.
============================================================


============================================================
PIPELINE PROSPECTION B2B — Edgar Frinis
Date : 2026-05-08
============================================================

============================================================
ÉTAPE 6 — SURVEILLANCE RÉPONSES GMAIL
============================================================
[GmailMonitor] Aucune nouvelle réponse détectée

============================================================
Pipeline terminé.
============================================================


============================================================
PIPELINE PROSPECTION B2B — Edgar Frinis
Date : 2026-05-08
============================================================

============================================================
ÉTAPE 6 — SURVEILLANCE RÉPONSES GMAIL
============================================================
[GmailMonitor] Aucune nouvelle réponse détectée

============================================================
Pipeline terminé.
============================================================


============================================================
PIPELINE PROSPECTION B2B — Edgar Frinis
Date : 2026-05-08
============================================================

============================================================
ÉTAPE 6 — SURVEILLANCE RÉPONSES GMAIL
============================================================
[GmailMonitor] Aucune nouvelle réponse détectée

============================================================
Pipeline terminé.
============================================================

